--> format short e
--> a*1e4

ans = 
 -3.7560e+03  9.1963e+02  9.5156e+03  1.8527e+04 
  5.0777e+03 -2.0877e+03 -3.1199e+03 -2.3799e+03 
  5.5784e+03  7.6954e+03  2.2640e+02  2.9326e+04 
 -4.4203e+03 -4.8709e+03 -7.5823e+03 -5.0590e+03 

--> a*1e-4

ans = 
 -3.7560e-05  9.1963e-06  9.5156e-05  1.8527e-04 
  5.0777e-05 -2.0877e-05 -3.1199e-05 -2.3799e-05 
  5.5784e-05  7.6954e-05  2.2640e-06  2.9326e-04 
 -4.4203e-05 -4.8709e-05 -7.5823e-05 -5.0590e-05 

--> b*1e4

ans = 
  2.0105e+03  3.4156e+03  1.5616e+03 -5.4600e+03 
  1.2842e+04 -3.8085e+03 -1.2720e+04 -3.3975e+03 
 -7.6597e+03 -6.2514e+03  2.4811e+04  7.9564e+03 
 -1.7267e+03  8.5765e+03  1.5701e+04 -1.5048e+04 

--> b*1e-4

ans = 
  2.0105e-05  3.4155e-05  1.5616e-05 -5.4600e-05 
  1.2842e-04 -3.8085e-05 -1.2720e-04 -3.3975e-05 
 -7.6597e-05 -6.2514e-05  2.4811e-04  7.9564e-05 
 -1.7267e-05  8.5765e-05  1.5701e-04 -1.5048e-04 
