--> a = threadnew;
--> global count                   % register the global variable count
--> count = 0;
--> threadstart(a,'freecount',0)   % start the thread
--> count                          % it is counting

ans = 
 0 

--> sleep(1)                       % Wait a bit
--> count                          % it is still counting

ans = 
 225458 

--> threadkill(a)                  % kill the counter
--> threadwait(a,1000)             % wait for it to finish

ans = 
 1 

--> count                          % The count will no longer increase

ans = 
 225497 

--> sleep(1)
--> count

ans = 
 225497 

--> threadfree(a)
