--> a = randn(3,5,2)

a = 

(:,:,1) = 
    0.7785    0.6357    1.7582    1.5784   -0.8470 
    0.7235    1.0468   -0.6919   -0.6796    0.4767 
    0.2100    0.0865    1.5704   -0.1267    2.1381 

(:,:,2) = 
    1.5525   -0.2908   -1.4220    1.1076    0.2419 
    0.1652   -0.5668   -0.8018   -0.5975    0.8483 
    0.3147   -0.1109   -0.5203    0.5851    1.1503 

--> b = []

b = 
  []
--> who
  Variable Name       Type   Flags             Size
              a    double                    [3x5x2]
              b    double                    [0x0]
--> exist('a')

ans = 
 1 

--> exist('b')

ans = 
 1 

--> exist('c')

ans = 
 0 
