--> B = [3,-2,-.9,2*eps;-2,4,1,-eps;-eps/4,eps/2,-1,0;-.5,-.5,.1,1]

B = 
    3.0000   -2.0000   -0.9000    0.0000 
   -2.0000    4.0000    1.0000   -0.0000 
   -0.0000    0.0000   -1.0000         0 
   -0.5000   -0.5000    0.1000    1.0000 

--> [VB,DB] = eig(B)
VB = 
    0.6153   -0.4176   -0.0000   -0.1495 
   -0.7881   -0.3261   -0.0000    0.1316 
   -0.0000   -0.0000    0.0000   -0.9570 
    0.0189    0.8481    1.0000   -0.2110 

DB = 
    5.5616         0         0         0 
         0    1.4384         0         0 
         0         0    1.0000         0 
         0         0         0   -1.0000 

--> B*VB - VB*DB

ans = 
         0         0    0.0000   -0.0000 
         0    0.0000   -0.0000    0.0000 
   -0.0000   -0.0000   -0.0000   -0.0000 
    0.0000    0.0000    0.0000   -0.5088 

--> [VN,DN] = eig(B,'nobalance')
VN = 
    0.6153   -0.4176   -0.0000   -0.1528 
   -0.7881   -0.3261         0    0.1345 
   -0.0000   -0.0000   -0.0000   -0.9781 
    0.0189    0.8481   -1.0000    0.0443 

DN = 
    5.5616         0         0         0 
         0    1.4384         0         0 
         0         0    1.0000         0 
         0         0         0   -1.0000 

--> B*VN - VN*DN

ans = 

   1.0e-15 * 
   -1.7764   -0.1110   -0.5587   -0.1665 
    3.5527    1.0547    0.3364   -0.1943 
    0.0172    0.0015    0.0066         0 
    0.1527   -0.2220    0.2220    0.0833 
