--> A = randi(1,3*ones(15,3))

A = 
 2 3 2 
 2 1 1 
 2 2 3 
 2 1 3 
 2 2 3 
 2 1 2 
 1 2 2 
 1 1 1 
 3 1 3 
 2 2 2 
 1 3 3 
 1 2 3 
 3 1 1 
 3 3 1 
 2 3 3 

--> unique(A,'rows')

ans = 
 1 1 1 
 1 2 2 
 1 2 3 
 1 3 3 
 2 1 1 
 2 1 2 
 2 1 3 
 2 2 2 
 2 2 3 
 2 3 2 
 2 3 3 
 3 1 1 
 3 1 3 
 3 3 1 

--> [b,m,n] = unique(A,'rows');
--> b

ans = 
 1 1 1 
 1 2 2 
 1 2 3 
 1 3 3 
 2 1 1 
 2 1 2 
 2 1 3 
 2 2 2 
 2 2 3 
 2 3 2 
 2 3 3 
 3 1 1 
 3 1 3 
 3 3 1 

--> A(m,:)

ans = 
 1 1 1 
 1 2 2 
 1 2 3 
 1 3 3 
 2 1 1 
 2 1 2 
 2 1 3 
 2 2 2 
 2 2 3 
 2 3 2 
 2 3 3 
 3 1 1 
 3 1 3 
 3 3 1 

--> b(n,:)

ans = 
 2 3 2 
 2 1 1 
 2 2 3 
 2 1 3 
 2 2 3 
 2 1 2 
 1 2 2 
 1 1 1 
 3 1 3 
 2 2 2 
 1 3 3 
 1 2 3 
 3 1 1 
 3 3 1 
 2 3 3 
